<?xml version="1.0" encoding="UTF-8" ?>
<testsuite failures="0" time="11.333" errors="0" skipped="0" tests="1" name="com.test.cric.TestCricket">
  <properties>
    <property name="java.runtime.name" value="Java(TM) SE Runtime Environment"/>
    <property name="sun.boot.library.path" value="C:\glassfish3\jdk7\jre\bin"/>
    <property name="java.vm.version" value="23.6-b04"/>
    <property name="java.vm.vendor" value="Oracle Corporation"/>
    <property name="java.vendor.url" value="http://java.oracle.com/"/>
    <property name="path.separator" value=";"/>
    <property name="guice.disable.misplaced.annotation.check" value="true"/>
    <property name="java.vm.name" value="Java HotSpot(TM) 64-Bit Server VM"/>
    <property name="file.encoding.pkg" value="sun.io"/>
    <property name="user.script" value=""/>
    <property name="user.country" value="US"/>
    <property name="sun.java.launcher" value="SUN_STANDARD"/>
    <property name="sun.os.patch.level" value="Service Pack 1"/>
    <property name="java.vm.specification.name" value="Java Virtual Machine Specification"/>
    <property name="user.dir" value="D:\Selenium\CricketApplication"/>
    <property name="java.runtime.version" value="1.7.0_10-b18"/>
    <property name="java.awt.graphicsenv" value="sun.awt.Win32GraphicsEnvironment"/>
    <property name="java.endorsed.dirs" value="C:\glassfish3\jdk7\jre\lib\endorsed"/>
    <property name="os.arch" value="amd64"/>
    <property name="java.io.tmpdir" value="C:\Users\Sanjoe\AppData\Local\Temp\"/>
    <property name="line.separator" value="
"/>
    <property name="java.vm.specification.vendor" value="Oracle Corporation"/>
    <property name="user.variant" value=""/>
    <property name="os.name" value="Windows 7"/>
    <property name="classworlds.conf" value="D:\Selenium\.metadata\.plugins\org.eclipse.m2e.launching\launches\m2conf807446382960782581.tmp"/>
    <property name="sun.jnu.encoding" value="Cp1252"/>
    <property name="java.library.path" value="C:\glassfish3\jdk7\bin;C:\Windows\Sun\Java\bin;C:\Windows\system32;C:\Windows;C:/glassfish3/jdk7/bin/../jre/bin/server;C:/glassfish3/jdk7/bin/../jre/bin;C:/glassfish3/jdk7/bin/../jre/lib/amd64;C:\Perl64\site\bin;C:\Perl64\bin;C:\Windows\system32;C:\Windows;C:\Windows\System32\Wbem;C:\Windows\System32\WindowsPowerShell\v1.0\;C:\glassfish3\jdk7\bin;C:\Tomcat7\bin;C:\Program Files (x86)\MySQL\MySQL Utilities 1.3.6\;D:\Android_Bundle\sdk\platform-tools;C:\Program Files\TortoiseSVN\bin;D:\apache-maven-3.2.1\bin;D:\phantomjs-1.9.7\;E:\apache-ant-1.8.4\bin\;C:\Program Files\ibm\gsk8\lib64;C:\Program Files (x86)\ibm\gsk8\lib;D:\Selenium\apache-maven-3.0.5\bin;C:\Windows\system32;C:\Windows;C:\Windows\System32\Wbem;C:\Windows\System32\WindowsPowerShell\v1.0\;C:\glassfish3\jdk7\bin;C:\Tomcat7\bin;C:\Program Files (x86)\MySQL\MySQL Utilities 1.3.6\;D:\Android_Bundle\sdk\platform-tools;C:\Program Files\TortoiseSVN\bin;D:\apache-maven-3.2.1\bin;C:\Program Files (x86)\VisualSVN Server\bin;D:\phantomjs-1.9.7\;C:\Program Files\Boot2Docker for Windows;D:\eclipse-jee-juno-SR1-win32-x86_64\eclipse;;."/>
    <property name="java.specification.name" value="Java Platform API Specification"/>
    <property name="java.class.version" value="51.0"/>
    <property name="sun.management.compiler" value="HotSpot 64-Bit Tiered Compilers"/>
    <property name="os.version" value="6.1"/>
    <property name="user.home" value="C:\Users\Sanjoe"/>
    <property name="user.timezone" value="Asia/Calcutta"/>
    <property name="java.awt.printerjob" value="sun.awt.windows.WPrinterJob"/>
    <property name="java.specification.version" value="1.7"/>
    <property name="file.encoding" value="Cp1252"/>
    <property name="user.name" value="Sanjoe"/>
    <property name="java.class.path" value="/D:/eclipse-jee-juno-SR1-win32-x86_64/eclipse/configuration/org.eclipse.osgi/bundles/864/1/.cp/jars/plexus-classworlds-2.4.jar"/>
    <property name="java.vm.specification.version" value="1.7"/>
    <property name="sun.arch.data.model" value="64"/>
    <property name="java.home" value="C:\glassfish3\jdk7\jre"/>
    <property name="sun.java.command" value="org.codehaus.plexus.classworlds.launcher.Launcher -B -s C:\Users\Sanjoe\.m2\settings.xml test"/>
    <property name="java.specification.vendor" value="Oracle Corporation"/>
    <property name="user.language" value="en"/>
    <property name="awt.toolkit" value="sun.awt.windows.WToolkit"/>
    <property name="java.vm.info" value="mixed mode"/>
    <property name="java.version" value="1.7.0_10"/>
    <property name="java.ext.dirs" value="C:\glassfish3\jdk7\jre\lib\ext;C:\Windows\Sun\Java\lib\ext"/>
    <property name="sun.boot.class.path" value="C:\glassfish3\jdk7\jre\lib\resources.jar;C:\glassfish3\jdk7\jre\lib\rt.jar;C:\glassfish3\jdk7\jre\lib\sunrsasign.jar;C:\glassfish3\jdk7\jre\lib\jsse.jar;C:\glassfish3\jdk7\jre\lib\jce.jar;C:\glassfish3\jdk7\jre\lib\charsets.jar;C:\glassfish3\jdk7\jre\lib\jfr.jar;C:\glassfish3\jdk7\jre\classes"/>
    <property name="java.vendor" value="Oracle Corporation"/>
    <property name="maven.home" value="D:\Selenium\CricketApplication\EMBEDDED"/>
    <property name="file.separator" value="\"/>
    <property name="java.vendor.url.bug" value="http://bugreport.sun.com/bugreport/"/>
    <property name="maven.bootclasspath" value="/D:/eclipse-jee-juno-SR1-win32-x86_64/eclipse/configuration/org.eclipse.osgi/bundles/864/1/.cp/jars/plexus-classworlds-2.4.jar"/>
    <property name="sun.cpu.endian" value="little"/>
    <property name="sun.io.unicode.encoding" value="UnicodeLittle"/>
    <property name="sun.desktop" value="windows"/>
    <property name="sun.cpu.isalist" value="amd64"/>
  </properties>
  <testcase time="11.306" classname="com.test.cric.TestCricket" name="cricLogin"/>
</testsuite>